<?xml version="1.0" encoding="UTF-8"?>
<!-- Generated by org.testng.reporters.JUnitReportReporter -->
<testsuite hostname="DESKTOP-VBPJHK5" failures="0" tests="2" name="com.etestcases.Myprofiletest" time="22.880" errors="0" timestamp="2023-10-17T09:48:51 IST" skipped="0">
  <testcase classname="com.etestcases.Myprofiletest" name="editprofilepic" time="12.097"/>
  <testcase classname="com.etestcases.Myprofiletest" name="Profilepic" time="10.783"/>
</testsuite> <!-- com.etestcases.Myprofiletest -->
