<?xml version="1.0" encoding="UTF-8"?>
<!-- Generated by org.testng.reporters.JUnitReportReporter -->
<testsuite hostname="DESKTOP-VBPJHK5" failures="0" tests="1" name="com.etestcases.Buynowtest" time="54.081" errors="0" timestamp="2023-09-22T17:05:00 IST" skipped="0">
  <testcase classname="com.etestcases.Buynowtest" name="cartbuynow" time="54.081"/>
</testsuite> <!-- com.etestcases.Buynowtest -->
