<?xml version="1.0" encoding="UTF-8"?>
<!-- Generated by org.testng.reporters.JUnitReportReporter -->
<testsuite hostname="DESKTOP-VBPJHK5" failures="0" tests="1" name="com.etestcases.Homelinktest" time="24.002" errors="0" timestamp="2023-09-26T11:53:18 IST" skipped="0">
  <testcase classname="com.etestcases.Homelinktest" name="bestselling" time="24.002"/>
</testsuite> <!-- com.etestcases.Homelinktest -->
