<?xml version="1.0" encoding="UTF-8"?>
<!-- Generated by org.testng.reporters.JUnitReportReporter -->
<testsuite hostname="DESKTOP-VBPJHK5" failures="0" tests="1" name="com.etestcases.WishlistTest" time="34.770" errors="0" timestamp="2023-09-15T13:05:30 IST" skipped="0">
  <testcase classname="com.etestcases.WishlistTest" name="footerwishlist" time="34.770"/>
</testsuite> <!-- com.etestcases.WishlistTest -->
