<?xml version="1.0" encoding="UTF-8"?>
<!-- Generated by org.testng.reporters.JUnitReportReporter -->
<testsuite hostname="DESKTOP-VBPJHK5" failures="0" tests="1" name="com.etestcases.Productchecktest" time="89.442" errors="0" timestamp="2023-11-17T11:12:16 IST" skipped="0">
  <testcase classname="com.etestcases.Productchecktest" name="productbuy" time="89.442"/>
</testsuite> <!-- com.etestcases.Productchecktest -->
