<?xml version="1.0" encoding="UTF-8"?>
<!-- Generated by org.testng.reporters.JUnitReportReporter -->
<testsuite hostname="DESKTOP-VBPJHK5" failures="0" tests="19" name="com.etestcases.Homelinktest" time="42.936" errors="0" timestamp="2023-10-26T17:30:13 IST" skipped="0">
  <testcase classname="com.etestcases.Homelinktest" name="TopRated" time="2.702"/>
  <testcase classname="com.etestcases.Homelinktest" name="TrackOrder" time="1.212"/>
  <testcase classname="com.etestcases.Homelinktest" name="Cancelation" time="1.436"/>
  <testcase classname="com.etestcases.Homelinktest" name="FaceBook" time="0.322"/>
  <testcase classname="com.etestcases.Homelinktest" name="Googleplus" time="0.303"/>
  <testcase classname="com.etestcases.Homelinktest" name="Linkeidn" time="0.203"/>
  <testcase classname="com.etestcases.Homelinktest" name="SupportTicket" time="2.253"/>
  <testcase classname="com.etestcases.Homelinktest" name="Profile" time="1.505"/>
  <testcase classname="com.etestcases.Homelinktest" name="Refundpolicy" time="2.762"/>
  <testcase classname="com.etestcases.Homelinktest" name="Helptopic" time="1.367"/>
  <testcase classname="com.etestcases.Homelinktest" name="Returnpolicy" time="10.296"/>
  <testcase classname="com.etestcases.Homelinktest" name="twitter" time="0.329"/>
  <testcase classname="com.etestcases.Homelinktest" name="Contactus" time="1.503"/>
  <testcase classname="com.etestcases.Homelinktest" name="bestselling" time="4.076"/>
  <testcase classname="com.etestcases.Homelinktest" name="Instagram" time="0.315"/>
  <testcase classname="com.etestcases.Homelinktest" name="featurproduct" time="6.905"/>
  <testcase classname="com.etestcases.Homelinktest" name="AboutCompany" time="1.550"/>
  <testcase classname="com.etestcases.Homelinktest" name="Pininterst" time="0.260"/>
  <testcase classname="com.etestcases.Homelinktest" name="latstproduct" time="3.637"/>
</testsuite> <!-- com.etestcases.Homelinktest -->
