<?xml version="1.0" encoding="UTF-8"?>
<!-- Generated by org.testng.reporters.JUnitReportReporter -->
<testsuite hostname="DESKTOP-VBPJHK5" failures="0" tests="2" name="com.etestcases.Signuptest" time="23.751" errors="0" timestamp="2023-09-13T15:41:36 IST" skipped="0">
  <testcase classname="com.etestcases.Signuptest" name="testurl" time="7.492"/>
  <testcase classname="com.etestcases.Signuptest" name="registersignup" time="16.259"/>
</testsuite> <!-- com.etestcases.Signuptest -->
